//------------------------------------------------------------------------------
//--  Generated by TunerStudio 
//--  Date: 11-11-2018
//--  Time: 15:0
//--  This file merely records what was sent to your Controller,        
//--  and may be deleted at any time.                                                    
//--  Selected type: AFR Table 
//------------------------------------------------------------------------------

//-- generated using formula: table(adcValue*5/1023 , "nb.inc") 
//-- Table Identifier:002

ADC 	Value 	MSVal 	volts
0	20.81	208 	0.000
1	20.60	206 	0.005
2	20.40	204 	0.010
3	20.19	202 	0.015
4	19.99	200 	0.020
5	19.78	198 	0.024
6	19.58	196 	0.029
7	19.37	194 	0.034
8	19.17	192 	0.039
9	18.96	190 	0.044
10	18.76	188 	0.049
11	18.55	186 	0.054
12	18.35	183 	0.059
13	18.14	181 	0.063
14	17.94	179 	0.068
15	17.73	177 	0.073
16	17.53	175 	0.078
17	17.32	173 	0.083
18	17.19	172 	0.088
19	17.10	171 	0.093
20	17.01	170 	0.098
21	16.92	169 	0.103
22	16.83	168 	0.107
23	16.74	167 	0.112
24	16.65	167 	0.117
25	16.56	166 	0.122
26	16.48	165 	0.127
27	16.39	164 	0.132
28	16.32	163 	0.137
29	16.26	163 	0.142
30	16.21	162 	0.146
31	16.16	162 	0.151
32	16.10	161 	0.156
33	16.05	161 	0.161
34	16.00	160 	0.166
35	15.94	159 	0.171
36	15.89	159 	0.176
37	15.84	158 	0.181
38	15.78	158 	0.186
39	15.73	157 	0.190
40	15.68	157 	0.195
41	15.64	156 	0.200
42	15.61	156 	0.205
43	15.57	156 	0.210
44	15.54	155 	0.215
45	15.50	155 	0.220
46	15.47	155 	0.225
47	15.43	154 	0.229
48	15.40	154 	0.234
49	15.36	154 	0.239
50	15.33	153 	0.244
51	15.29	153 	0.249
52	15.26	153 	0.254
53	15.23	152 	0.259
54	15.21	152 	0.264
55	15.19	152 	0.269
56	15.17	152 	0.273
57	15.15	152 	0.278
58	15.13	151 	0.283
59	15.11	151 	0.288
60	15.09	151 	0.293
61	15.07	151 	0.298
62	15.05	150 	0.303
63	15.03	150 	0.308
64	15.01	150 	0.313
65	14.99	150 	0.317
66	14.98	150 	0.322
67	14.97	150 	0.327
68	14.96	150 	0.332
69	14.95	149 	0.337
70	14.94	149 	0.342
71	14.93	149 	0.347
72	14.92	149 	0.352
73	14.91	149 	0.356
74	14.90	149 	0.361
75	14.88	149 	0.366
76	14.87	149 	0.371
77	14.86	149 	0.376
78	14.85	149 	0.381
79	14.84	148 	0.386
80	14.83	148 	0.391
81	14.82	148 	0.396
82	14.81	148 	0.400
83	14.80	148 	0.405
84	14.79	148 	0.410
85	14.78	148 	0.415
86	14.77	148 	0.420
87	14.76	148 	0.425
88	14.75	147 	0.430
89	14.74	147 	0.435
90	14.72	147 	0.439
91	14.71	147 	0.444
92	14.70	147 	0.449
93	14.69	147 	0.454
94	14.68	147 	0.459
95	14.67	147 	0.464
96	14.66	147 	0.469
97	14.65	147 	0.474
98	14.64	146 	0.479
99	14.63	146 	0.483
100	14.62	146 	0.488
101	14.61	146 	0.493
102	14.60	146 	0.498
103	14.59	146 	0.503
104	14.58	146 	0.508
105	14.57	146 	0.513
106	14.56	146 	0.518
107	14.55	146 	0.522
108	14.54	145 	0.527
109	14.53	145 	0.532
110	14.52	145 	0.537
111	14.51	145 	0.542
112	14.50	145 	0.547
113	14.49	145 	0.552
114	14.48	145 	0.557
115	14.47	145 	0.562
116	14.46	145 	0.566
117	14.45	145 	0.571
118	14.44	144 	0.576
119	14.43	144 	0.581
120	14.42	144 	0.586
121	14.41	144 	0.591
122	14.40	144 	0.596
123	14.39	144 	0.601
124	14.38	144 	0.605
125	14.37	144 	0.610
126	14.36	144 	0.615
127	14.35	144 	0.620
128	14.34	143 	0.625
129	14.33	143 	0.630
130	14.32	143 	0.635
131	14.31	143 	0.640
132	14.30	143 	0.645
133	14.28	143 	0.649
134	14.26	143 	0.654
135	14.23	142 	0.659
136	14.21	142 	0.664
137	14.19	142 	0.669
138	14.16	142 	0.674
139	14.14	141 	0.679
140	14.11	141 	0.684
141	14.09	141 	0.688
142	14.06	141 	0.693
143	14.04	140 	0.698
144	14.01	140 	0.703
145	13.98	140 	0.708
146	13.94	139 	0.713
147	13.90	139 	0.718
148	13.87	139 	0.723
149	13.83	138 	0.728
150	13.79	138 	0.732
151	13.75	138 	0.737
152	13.72	137 	0.742
153	13.67	137 	0.747
154	13.62	136 	0.752
155	13.57	136 	0.757
156	13.53	135 	0.762
157	13.48	135 	0.767
158	13.43	134 	0.771
159	13.38	134 	0.776
160	13.33	133 	0.781
161	13.28	133 	0.786
162	13.23	132 	0.791
163	13.18	132 	0.796
164	13.12	131 	0.801
165	13.06	131 	0.806
166	13.00	130 	0.811
167	12.93	129 	0.815
168	12.87	129 	0.820
169	12.81	128 	0.825
170	12.75	127 	0.830
171	12.68	127 	0.835
172	12.62	126 	0.840
173	12.56	126 	0.845
174	12.49	125 	0.850
175	12.42	124 	0.854
176	12.34	123 	0.859
177	12.26	123 	0.864
178	12.18	122 	0.869
179	12.11	121 	0.874
180	12.03	120 	0.879
181	11.95	120 	0.884
182	11.87	119 	0.889
183	11.79	118 	0.894
184	11.70	117 	0.898
185	11.61	116 	0.903
186	11.51	115 	0.908
187	11.41	114 	0.913
188	11.32	113 	0.918
189	11.22	112 	0.923
190	11.12	111 	0.928
191	11.03	110 	0.933
192	10.93	109 	0.938
193	10.85	109 	0.942
194	10.78	108 	0.947
195	10.70	107 	0.952
196	10.63	106 	0.957
197	10.56	106 	0.962
198	10.48	105 	0.967
199	10.41	104 	0.972
200	10.34	103 	0.977
201	10.26	103 	0.981
202	10.19	102 	0.986
203	10.12	101 	0.991
204	10.04	100 	0.996
205	10.00	100 	1.001
206	10.00	100 	1.006
207	10.00	100 	1.011
208	10.00	100 	1.016
209	10.00	100 	1.021
210	10.00	100 	1.025
211	10.00	100 	1.030
212	10.00	100 	1.035
213	10.00	100 	1.040
214	10.00	100 	1.045
215	10.00	100 	1.050
216	10.00	100 	1.055
217	10.00	100 	1.060
218	10.00	100 	1.064
219	10.00	100 	1.069
220	10.00	100 	1.074
221	10.00	100 	1.079
222	10.00	100 	1.084
223	10.00	100 	1.089
224	10.00	100 	1.094
225	10.00	100 	1.099
226	10.00	100 	1.104
227	10.00	100 	1.108
228	10.00	100 	1.113
229	10.00	100 	1.118
230	10.00	100 	1.123
231	10.00	100 	1.128
232	10.00	100 	1.133
233	10.00	100 	1.138
234	10.00	100 	1.143
235	10.00	100 	1.147
236	10.00	100 	1.152
237	10.00	100 	1.157
238	10.00	100 	1.162
239	10.00	100 	1.167
240	10.00	100 	1.172
241	10.00	100 	1.177
242	10.00	100 	1.182
243	10.00	100 	1.187
244	10.00	100 	1.191
245	10.00	100 	1.196
246	10.00	100 	1.201
247	10.00	100 	1.206
248	10.00	100 	1.211
249	10.00	100 	1.216
250	10.00	100 	1.221
251	10.00	100 	1.226
252	10.00	100 	1.230
253	10.00	100 	1.235
254	10.00	100 	1.240
255	10.00	100 	1.245
256	10.00	100 	1.250
257	10.00	100 	1.255
258	10.00	100 	1.260
259	10.00	100 	1.265
260	10.00	100 	1.270
261	10.00	100 	1.274
262	10.00	100 	1.279
263	10.00	100 	1.284
264	10.00	100 	1.289
265	10.00	100 	1.294
266	10.00	100 	1.299
267	10.00	100 	1.304
268	10.00	100 	1.309
269	10.00	100 	1.313
270	10.00	100 	1.318
271	10.00	100 	1.323
272	10.00	100 	1.328
273	10.00	100 	1.333
274	10.00	100 	1.338
275	10.00	100 	1.343
276	10.00	100 	1.348
277	10.00	100 	1.353
278	10.00	100 	1.357
279	10.00	100 	1.362
280	10.00	100 	1.367
281	10.00	100 	1.372
282	10.00	100 	1.377
283	10.00	100 	1.382
284	10.00	100 	1.387
285	10.00	100 	1.392
286	10.00	100 	1.396
287	10.00	100 	1.401
288	10.00	100 	1.406
289	10.00	100 	1.411
290	10.00	100 	1.416
291	10.00	100 	1.421
292	10.00	100 	1.426
293	10.00	100 	1.431
294	10.00	100 	1.436
295	10.00	100 	1.440
296	10.00	100 	1.445
297	10.00	100 	1.450
298	10.00	100 	1.455
299	10.00	100 	1.460
300	10.00	100 	1.465
301	10.00	100 	1.470
302	10.00	100 	1.475
303	10.00	100 	1.479
304	10.00	100 	1.484
305	10.00	100 	1.489
306	10.00	100 	1.494
307	10.00	100 	1.499
308	10.00	100 	1.504
309	10.00	100 	1.509
310	10.00	100 	1.514
311	10.00	100 	1.519
312	10.00	100 	1.523
313	10.00	100 	1.528
314	10.00	100 	1.533
315	10.00	100 	1.538
316	10.00	100 	1.543
317	10.00	100 	1.548
318	10.00	100 	1.553
319	10.00	100 	1.558
320	10.00	100 	1.563
321	10.00	100 	1.567
322	10.00	100 	1.572
323	10.00	100 	1.577
324	10.00	100 	1.582
325	10.00	100 	1.587
326	10.00	100 	1.592
327	10.00	100 	1.597
328	10.00	100 	1.602
329	10.00	100 	1.606
330	10.00	100 	1.611
331	10.00	100 	1.616
332	10.00	100 	1.621
333	10.00	100 	1.626
334	10.00	100 	1.631
335	10.00	100 	1.636
336	10.00	100 	1.641
337	10.00	100 	1.646
338	10.00	100 	1.650
339	10.00	100 	1.655
340	10.00	100 	1.660
341	10.00	100 	1.665
342	10.00	100 	1.670
343	10.00	100 	1.675
344	10.00	100 	1.680
345	10.00	100 	1.685
346	10.00	100 	1.689
347	10.00	100 	1.694
348	10.00	100 	1.699
349	10.00	100 	1.704
350	10.00	100 	1.709
351	10.00	100 	1.714
352	10.00	100 	1.719
353	10.00	100 	1.724
354	10.00	100 	1.729
355	10.00	100 	1.733
356	10.00	100 	1.738
357	10.00	100 	1.743
358	10.00	100 	1.748
359	10.00	100 	1.753
360	10.00	100 	1.758
361	10.00	100 	1.763
362	10.00	100 	1.768
363	10.00	100 	1.772
364	10.00	100 	1.777
365	10.00	100 	1.782
366	10.00	100 	1.787
367	10.00	100 	1.792
368	10.00	100 	1.797
369	10.00	100 	1.802
370	10.00	100 	1.807
371	10.00	100 	1.812
372	10.00	100 	1.816
373	10.00	100 	1.821
374	10.00	100 	1.826
375	10.00	100 	1.831
376	10.00	100 	1.836
377	10.00	100 	1.841
378	10.00	100 	1.846
379	10.00	100 	1.851
380	10.00	100 	1.855
381	10.00	100 	1.860
382	10.00	100 	1.865
383	10.00	100 	1.870
384	10.00	100 	1.875
385	10.00	100 	1.880
386	10.00	100 	1.885
387	10.00	100 	1.890
388	10.00	100 	1.895
389	10.00	100 	1.899
390	10.00	100 	1.904
391	10.00	100 	1.909
392	10.00	100 	1.914
393	10.00	100 	1.919
394	10.00	100 	1.924
395	10.00	100 	1.929
396	10.00	100 	1.934
397	10.00	100 	1.938
398	10.00	100 	1.943
399	10.00	100 	1.948
400	10.00	100 	1.953
401	10.00	100 	1.958
402	10.00	100 	1.963
403	10.00	100 	1.968
404	10.00	100 	1.973
405	10.00	100 	1.978
406	10.00	100 	1.982
407	10.00	100 	1.987
408	10.00	100 	1.992
409	10.00	100 	1.997
410	10.00	100 	2.002
411	10.00	100 	2.007
412	10.00	100 	2.012
413	10.00	100 	2.017
414	10.00	100 	2.021
415	10.00	100 	2.026
416	10.00	100 	2.031
417	10.00	100 	2.036
418	10.00	100 	2.041
419	10.00	100 	2.046
420	10.00	100 	2.051
421	10.00	100 	2.056
422	10.00	100 	2.061
423	10.00	100 	2.065
424	10.00	100 	2.070
425	10.00	100 	2.075
426	10.00	100 	2.080
427	10.00	100 	2.085
428	10.00	100 	2.090
429	10.00	100 	2.095
430	10.00	100 	2.100
431	10.00	100 	2.104
432	10.00	100 	2.109
433	10.00	100 	2.114
434	10.00	100 	2.119
435	10.00	100 	2.124
436	10.00	100 	2.129
437	10.00	100 	2.134
438	10.00	100 	2.139
439	10.00	100 	2.144
440	10.00	100 	2.148
441	10.00	100 	2.153
442	10.00	100 	2.158
443	10.00	100 	2.163
444	10.00	100 	2.168
445	10.00	100 	2.173
446	10.00	100 	2.178
447	10.00	100 	2.183
448	10.00	100 	2.188
449	10.00	100 	2.192
450	10.00	100 	2.197
451	10.00	100 	2.202
452	10.00	100 	2.207
453	10.00	100 	2.212
454	10.00	100 	2.217
455	10.00	100 	2.222
456	10.00	100 	2.227
457	10.00	100 	2.231
458	10.00	100 	2.236
459	10.00	100 	2.241
460	10.00	100 	2.246
461	10.00	100 	2.251
462	10.00	100 	2.256
463	10.00	100 	2.261
464	10.00	100 	2.266
465	10.00	100 	2.271
466	10.00	100 	2.275
467	10.00	100 	2.280
468	10.00	100 	2.285
469	10.00	100 	2.290
470	10.00	100 	2.295
471	10.00	100 	2.300
472	10.00	100 	2.305
473	10.00	100 	2.310
474	10.00	100 	2.314
475	10.00	100 	2.319
476	10.00	100 	2.324
477	10.00	100 	2.329
478	10.00	100 	2.334
479	10.00	100 	2.339
480	10.00	100 	2.344
481	10.00	100 	2.349
482	10.00	100 	2.354
483	10.00	100 	2.358
484	10.00	100 	2.363
485	10.00	100 	2.368
486	10.00	100 	2.373
487	10.00	100 	2.378
488	10.00	100 	2.383
489	10.00	100 	2.388
490	10.00	100 	2.393
491	10.00	100 	2.397
492	10.00	100 	2.402
493	10.00	100 	2.407
494	10.00	100 	2.412
495	10.00	100 	2.417
496	10.00	100 	2.422
497	10.00	100 	2.427
498	10.00	100 	2.432
499	10.00	100 	2.437
500	10.00	100 	2.441
501	10.00	100 	2.446
502	10.00	100 	2.451
503	10.00	100 	2.456
504	10.00	100 	2.461
505	10.00	100 	2.466
506	10.00	100 	2.471
507	10.00	100 	2.476
508	10.00	100 	2.480
509	10.00	100 	2.485
510	10.00	100 	2.490
511	10.00	100 	2.495
512	10.00	100 	2.500
513	10.00	100 	2.505
514	10.00	100 	2.510
515	10.00	100 	2.515
516	10.00	100 	2.520
517	10.00	100 	2.524
518	10.00	100 	2.529
519	10.00	100 	2.534
520	10.00	100 	2.539
521	10.00	100 	2.544
522	10.00	100 	2.549
523	10.00	100 	2.554
524	10.00	100 	2.559
525	10.00	100 	2.563
526	10.00	100 	2.568
527	10.00	100 	2.573
528	10.00	100 	2.578
529	10.00	100 	2.583
530	10.00	100 	2.588
531	10.00	100 	2.593
532	10.00	100 	2.598
533	10.00	100 	2.603
534	10.00	100 	2.607
535	10.00	100 	2.612
536	10.00	100 	2.617
537	10.00	100 	2.622
538	10.00	100 	2.627
539	10.00	100 	2.632
540	10.00	100 	2.637
541	10.00	100 	2.642
542	10.00	100 	2.646
543	10.00	100 	2.651
544	10.00	100 	2.656
545	10.00	100 	2.661
546	10.00	100 	2.666
547	10.00	100 	2.671
548	10.00	100 	2.676
549	10.00	100 	2.681
550	10.00	100 	2.686
551	10.00	100 	2.690
552	10.00	100 	2.695
553	10.00	100 	2.700
554	10.00	100 	2.705
555	10.00	100 	2.710
556	10.00	100 	2.715
557	10.00	100 	2.720
558	10.00	100 	2.725
559	10.00	100 	2.729
560	10.00	100 	2.734
561	10.00	100 	2.739
562	10.00	100 	2.744
563	10.00	100 	2.749
564	10.00	100 	2.754
565	10.00	100 	2.759
566	10.00	100 	2.764
567	10.00	100 	2.769
568	10.00	100 	2.773
569	10.00	100 	2.778
570	10.00	100 	2.783
571	10.00	100 	2.788
572	10.00	100 	2.793
573	10.00	100 	2.798
574	10.00	100 	2.803
575	10.00	100 	2.808
576	10.00	100 	2.813
577	10.00	100 	2.817
578	10.00	100 	2.822
579	10.00	100 	2.827
580	10.00	100 	2.832
581	10.00	100 	2.837
582	10.00	100 	2.842
583	10.00	100 	2.847
584	10.00	100 	2.852
585	10.00	100 	2.856
586	10.00	100 	2.861
587	10.00	100 	2.866
588	10.00	100 	2.871
589	10.00	100 	2.876
590	10.00	100 	2.881
591	10.00	100 	2.886
592	10.00	100 	2.891
593	10.00	100 	2.896
594	10.00	100 	2.900
595	10.00	100 	2.905
596	10.00	100 	2.910
597	10.00	100 	2.915
598	10.00	100 	2.920
599	10.00	100 	2.925
600	10.00	100 	2.930
601	10.00	100 	2.935
602	10.00	100 	2.939
603	10.00	100 	2.944
604	10.00	100 	2.949
605	10.00	100 	2.954
606	10.00	100 	2.959
607	10.00	100 	2.964
608	10.00	100 	2.969
609	10.00	100 	2.974
610	10.00	100 	2.979
611	10.00	100 	2.983
612	10.00	100 	2.988
613	10.00	100 	2.993
614	10.00	100 	2.998
615	10.00	100 	3.003
616	10.00	100 	3.008
617	10.00	100 	3.013
618	10.00	100 	3.018
619	10.00	100 	3.022
620	10.00	100 	3.027
621	10.00	100 	3.032
622	10.00	100 	3.037
623	10.00	100 	3.042
624	10.00	100 	3.047
625	10.00	100 	3.052
626	10.00	100 	3.057
627	10.00	100 	3.062
628	10.00	100 	3.066
629	10.00	100 	3.071
630	10.00	100 	3.076
631	10.00	100 	3.081
632	10.00	100 	3.086
633	10.00	100 	3.091
634	10.00	100 	3.096
635	10.00	100 	3.101
636	10.00	100 	3.105
637	10.00	100 	3.110
638	10.00	100 	3.115
639	10.00	100 	3.120
640	10.00	100 	3.125
641	10.00	100 	3.130
642	10.00	100 	3.135
643	10.00	100 	3.140
644	10.00	100 	3.145
645	10.00	100 	3.149
646	10.00	100 	3.154
647	10.00	100 	3.159
648	10.00	100 	3.164
649	10.00	100 	3.169
650	10.00	100 	3.174
651	10.00	100 	3.179
652	10.00	100 	3.184
653	10.00	100 	3.188
654	10.00	100 	3.193
655	10.00	100 	3.198
656	10.00	100 	3.203
657	10.00	100 	3.208
658	10.00	100 	3.213
659	10.00	100 	3.218
660	10.00	100 	3.223
661	10.00	100 	3.228
662	10.00	100 	3.232
663	10.00	100 	3.237
664	10.00	100 	3.242
665	10.00	100 	3.247
666	10.00	100 	3.252
667	10.00	100 	3.257
668	10.00	100 	3.262
669	10.00	100 	3.267
670	10.00	100 	3.271
671	10.00	100 	3.276
672	10.00	100 	3.281
673	10.00	100 	3.286
674	10.00	100 	3.291
675	10.00	100 	3.296
676	10.00	100 	3.301
677	10.00	100 	3.306
678	10.00	100 	3.311
679	10.00	100 	3.315
680	10.00	100 	3.320
681	10.00	100 	3.325
682	10.00	100 	3.330
683	10.00	100 	3.335
684	10.00	100 	3.340
685	10.00	100 	3.345
686	10.00	100 	3.350
687	10.00	100 	3.354
688	10.00	100 	3.359
689	10.00	100 	3.364
690	10.00	100 	3.369
691	10.00	100 	3.374
692	10.00	100 	3.379
693	10.00	100 	3.384
694	10.00	100 	3.389
695	10.00	100 	3.394
696	10.00	100 	3.398
697	10.00	100 	3.403
698	10.00	100 	3.408
699	10.00	100 	3.413
700	10.00	100 	3.418
701	10.00	100 	3.423
702	10.00	100 	3.428
703	10.00	100 	3.433
704	10.00	100 	3.438
705	10.00	100 	3.442
706	10.00	100 	3.447
707	10.00	100 	3.452
708	10.00	100 	3.457
709	10.00	100 	3.462
710	10.00	100 	3.467
711	10.00	100 	3.472
712	10.00	100 	3.477
713	10.00	100 	3.481
714	10.00	100 	3.486
715	10.00	100 	3.491
716	10.00	100 	3.496
717	10.00	100 	3.501
718	10.00	100 	3.506
719	10.00	100 	3.511
720	10.00	100 	3.516
721	10.00	100 	3.521
722	10.00	100 	3.525
723	10.00	100 	3.530
724	10.00	100 	3.535
725	10.00	100 	3.540
726	10.00	100 	3.545
727	10.00	100 	3.550
728	10.00	100 	3.555
729	10.00	100 	3.560
730	10.00	100 	3.564
731	10.00	100 	3.569
732	10.00	100 	3.574
733	10.00	100 	3.579
734	10.00	100 	3.584
735	10.00	100 	3.589
736	10.00	100 	3.594
737	10.00	100 	3.599
738	10.00	100 	3.604
739	10.00	100 	3.608
740	10.00	100 	3.613
741	10.00	100 	3.618
742	10.00	100 	3.623
743	10.00	100 	3.628
744	10.00	100 	3.633
745	10.00	100 	3.638
746	10.00	100 	3.643
747	10.00	100 	3.647
748	10.00	100 	3.652
749	10.00	100 	3.657
750	10.00	100 	3.662
751	10.00	100 	3.667
752	10.00	100 	3.672
753	10.00	100 	3.677
754	10.00	100 	3.682
755	10.00	100 	3.687
756	10.00	100 	3.691
757	10.00	100 	3.696
758	10.00	100 	3.701
759	10.00	100 	3.706
760	10.00	100 	3.711
761	10.00	100 	3.716
762	10.00	100 	3.721
763	10.00	100 	3.726
764	10.00	100 	3.730
765	10.00	100 	3.735
766	10.00	100 	3.740
767	10.00	100 	3.745
768	10.00	100 	3.750
769	10.00	100 	3.755
770	10.00	100 	3.760
771	10.00	100 	3.765
772	10.00	100 	3.770
773	10.00	100 	3.774
774	10.00	100 	3.779
775	10.00	100 	3.784
776	10.00	100 	3.789
777	10.00	100 	3.794
778	10.00	100 	3.799
779	10.00	100 	3.804
780	10.00	100 	3.809
781	10.00	100 	3.813
782	10.00	100 	3.818
783	10.00	100 	3.823
784	10.00	100 	3.828
785	10.00	100 	3.833
786	10.00	100 	3.838
787	10.00	100 	3.843
788	10.00	100 	3.848
789	10.00	100 	3.853
790	10.00	100 	3.857
791	10.00	100 	3.862
792	10.00	100 	3.867
793	10.00	100 	3.872
794	10.00	100 	3.877
795	10.00	100 	3.882
796	10.00	100 	3.887
797	10.00	100 	3.892
798	10.00	100 	3.896
799	10.00	100 	3.901
800	10.00	100 	3.906
801	10.00	100 	3.911
802	10.00	100 	3.916
803	10.00	100 	3.921
804	10.00	100 	3.926
805	10.00	100 	3.931
806	10.00	100 	3.936
807	10.00	100 	3.940
808	10.00	100 	3.945
809	10.00	100 	3.950
810	10.00	100 	3.955
811	10.00	100 	3.960
812	10.00	100 	3.965
813	10.00	100 	3.970
814	10.00	100 	3.975
815	10.00	100 	3.979
816	10.00	100 	3.984
817	10.00	100 	3.989
818	10.00	100 	3.994
819	10.00	100 	3.999
820	10.00	100 	4.004
821	10.00	100 	4.009
822	10.00	100 	4.014
823	10.00	100 	4.019
824	10.00	100 	4.023
825	10.00	100 	4.028
826	10.00	100 	4.033
827	10.00	100 	4.038
828	10.00	100 	4.043
829	10.00	100 	4.048
830	10.00	100 	4.053
831	10.00	100 	4.058
832	10.00	100 	4.063
833	10.00	100 	4.067
834	10.00	100 	4.072
835	10.00	100 	4.077
836	10.00	100 	4.082
837	10.00	100 	4.087
838	10.00	100 	4.092
839	10.00	100 	4.097
840	10.00	100 	4.102
841	10.00	100 	4.106
842	10.00	100 	4.111
843	10.00	100 	4.116
844	10.00	100 	4.121
845	10.00	100 	4.126
846	10.00	100 	4.131
847	10.00	100 	4.136
848	10.00	100 	4.141
849	10.00	100 	4.146
850	10.00	100 	4.150
851	10.00	100 	4.155
852	10.00	100 	4.160
853	10.00	100 	4.165
854	10.00	100 	4.170
855	10.00	100 	4.175
856	10.00	100 	4.180
857	10.00	100 	4.185
858	10.00	100 	4.189
859	10.00	100 	4.194
860	10.00	100 	4.199
861	10.00	100 	4.204
862	10.00	100 	4.209
863	10.00	100 	4.214
864	10.00	100 	4.219
865	10.00	100 	4.224
866	10.00	100 	4.229
867	10.00	100 	4.233
868	10.00	100 	4.238
869	10.00	100 	4.243
870	10.00	100 	4.248
871	10.00	100 	4.253
872	10.00	100 	4.258
873	10.00	100 	4.263
874	10.00	100 	4.268
875	10.00	100 	4.272
876	10.00	100 	4.277
877	10.00	100 	4.282
878	10.00	100 	4.287
879	10.00	100 	4.292
880	10.00	100 	4.297
881	10.00	100 	4.302
882	10.00	100 	4.307
883	10.00	100 	4.312
884	10.00	100 	4.316
885	10.00	100 	4.321
886	10.00	100 	4.326
887	10.00	100 	4.331
888	10.00	100 	4.336
889	10.00	100 	4.341
890	10.00	100 	4.346
891	10.00	100 	4.351
892	10.00	100 	4.355
893	10.00	100 	4.360
894	10.00	100 	4.365
895	10.00	100 	4.370
896	10.00	100 	4.375
897	10.00	100 	4.380
898	10.00	100 	4.385
899	10.00	100 	4.390
900	10.00	100 	4.395
901	10.00	100 	4.399
902	10.00	100 	4.404
903	10.00	100 	4.409
904	10.00	100 	4.414
905	10.00	100 	4.419
906	10.00	100 	4.424
907	10.00	100 	4.429
908	10.00	100 	4.434
909	10.00	100 	4.438
910	10.00	100 	4.443
911	10.00	100 	4.448
912	10.00	100 	4.453
913	10.00	100 	4.458
914	10.00	100 	4.463
915	10.00	100 	4.468
916	10.00	100 	4.473
917	10.00	100 	4.478
918	10.00	100 	4.482
919	10.00	100 	4.487
920	10.00	100 	4.492
921	10.00	100 	4.497
922	10.00	100 	4.502
923	10.00	100 	4.507
924	10.00	100 	4.512
925	10.00	100 	4.517
926	10.00	100 	4.521
927	10.00	100 	4.526
928	10.00	100 	4.531
929	10.00	100 	4.536
930	10.00	100 	4.541
931	10.00	100 	4.546
932	10.00	100 	4.551
933	10.00	100 	4.556
934	10.00	100 	4.561
935	10.00	100 	4.565
936	10.00	100 	4.570
937	10.00	100 	4.575
938	10.00	100 	4.580
939	10.00	100 	4.585
940	10.00	100 	4.590
941	10.00	100 	4.595
942	10.00	100 	4.600
943	10.00	100 	4.604
944	10.00	100 	4.609
945	10.00	100 	4.614
946	10.00	100 	4.619
947	10.00	100 	4.624
948	10.00	100 	4.629
949	10.00	100 	4.634
950	10.00	100 	4.639
951	10.00	100 	4.644
952	10.00	100 	4.648
953	10.00	100 	4.653
954	10.00	100 	4.658
955	10.00	100 	4.663
956	10.00	100 	4.668
957	10.00	100 	4.673
958	10.00	100 	4.678
959	10.00	100 	4.683
960	10.00	100 	4.688
961	10.00	100 	4.692
962	10.00	100 	4.697
963	10.00	100 	4.702
964	10.00	100 	4.707
965	10.00	100 	4.712
966	10.00	100 	4.717
967	10.00	100 	4.722
968	10.00	100 	4.727
969	10.00	100 	4.731
970	10.00	100 	4.736
971	10.00	100 	4.741
972	10.00	100 	4.746
973	10.00	100 	4.751
974	10.00	100 	4.756
975	10.00	100 	4.761
976	10.00	100 	4.766
977	10.00	100 	4.771
978	10.00	100 	4.775
979	10.00	100 	4.780
980	10.00	100 	4.785
981	10.00	100 	4.790
982	10.00	100 	4.795
983	10.00	100 	4.800
984	10.00	100 	4.805
985	10.00	100 	4.810
986	10.00	100 	4.814
987	10.00	100 	4.819
988	10.00	100 	4.824
989	10.00	100 	4.829
990	10.00	100 	4.834
991	10.00	100 	4.839
992	10.00	100 	4.844
993	10.00	100 	4.849
994	10.00	100 	4.854
995	10.00	100 	4.858
996	10.00	100 	4.863
997	10.00	100 	4.868
998	10.00	100 	4.873
999	10.00	100 	4.878
1000	10.00	100 	4.883
1001	10.00	100 	4.888
1002	10.00	100 	4.893
1003	10.00	100 	4.897
1004	10.00	100 	4.902
1005	10.00	100 	4.907
1006	10.00	100 	4.912
1007	10.00	100 	4.917
1008	10.00	100 	4.922
1009	10.00	100 	4.927
1010	10.00	100 	4.932
1011	10.00	100 	4.937
1012	10.00	100 	4.941
1013	10.00	100 	4.946
1014	10.00	100 	4.951
1015	10.00	100 	4.956
1016	10.00	100 	4.961
1017	10.00	100 	4.966
1018	10.00	100 	4.971
1019	10.00	100 	4.976
1020	10.00	100 	4.980
1021	10.00	100 	4.985
1022	10.00	100 	4.990
1023	10.00	100 	4.995
