//------------------------------------------------------------------------------
//--  Generated by TunerStudio 
//--  Date: 5-20-2019
//--  Time: 21:5
//--  This file merely records what was sent to your Controller,        
//--  and may be deleted at any time.                                                    
//--  Selected type: Coolant Temperature Sensor 
//------------------------------------------------------------------------------

//-- generated using refTable Generator:thermGenerator
//-- Table Identifier:000//--    Generated by ThermTableGenerator using user input values. 
//--    Bias Resistor value: 2490.0 Ohms
//--    Temperature1: 0.0(C), 	Resistance 1: 5800.0 Ohms 
//--    Temperature2: 80.0(C), 	Resistance 2: 180 Ohms 
//--    Temperature3: 100.0(C), 	Resistance 3: 90 Ohms 
//-- 

//----------------------------------------------------------//
ADC 	Value 	MSVal 	volts
0	180.00	1800 	0.000
1	180.00	1800 	0.005
2	180.00	1800 	0.010
3	180.00	1800 	0.015
4	180.00	1800 	0.020
5	336.84	3368 	0.024
6	323.76	3238 	0.029
7	312.98	3130 	0.034
8	303.84	3038 	0.039
9	295.93	2959 	0.044
10	288.97	2890 	0.049
11	282.76	2828 	0.054
12	277.16	2772 	0.059
13	272.07	2721 	0.063
14	267.40	2674 	0.068
15	263.10	2631 	0.073
16	259.11	2591 	0.078
17	255.39	2554 	0.083
18	251.91	2519 	0.088
19	248.64	2486 	0.093
20	245.56	2456 	0.098
21	242.65	2426 	0.103
22	239.88	2399 	0.107
23	237.26	2373 	0.112
24	234.76	2348 	0.117
25	232.37	2324 	0.122
26	230.09	2301 	0.127
27	227.90	2279 	0.132
28	225.80	2258 	0.137
29	223.78	2238 	0.142
30	221.84	2218 	0.146
31	219.97	2200 	0.151
32	218.16	2182 	0.156
33	216.41	2164 	0.161
34	214.73	2147 	0.166
35	213.09	2131 	0.171
36	211.51	2115 	0.176
37	209.97	2100 	0.181
38	208.48	2085 	0.186
39	207.03	2070 	0.190
40	205.62	2056 	0.195
41	204.25	2043 	0.200
42	202.92	2029 	0.205
43	201.61	2016 	0.210
44	200.35	2003 	0.215
45	199.11	1991 	0.220
46	197.90	1979 	0.225
47	196.72	1967 	0.229
48	195.57	1956 	0.234
49	194.44	1944 	0.239
50	193.34	1933 	0.244
51	192.26	1923 	0.249
52	191.20	1912 	0.254
53	190.17	1902 	0.259
54	189.15	1892 	0.264
55	188.16	1882 	0.269
56	187.18	1872 	0.273
57	186.23	1862 	0.278
58	185.29	1853 	0.283
59	184.37	1844 	0.288
60	183.46	1835 	0.293
61	182.57	1826 	0.298
62	181.70	1817 	0.303
63	180.84	1808 	0.308
64	180.00	1800 	0.313
65	179.17	1792 	0.317
66	178.35	1783 	0.322
67	177.54	1775 	0.327
68	176.75	1768 	0.332
69	175.97	1760 	0.337
70	175.21	1752 	0.342
71	174.45	1745 	0.347
72	173.71	1737 	0.352
73	172.97	1730 	0.356
74	172.25	1722 	0.361
75	171.54	1715 	0.366
76	170.83	1708 	0.371
77	170.14	1701 	0.376
78	169.45	1695 	0.381
79	168.78	1688 	0.386
80	168.11	1681 	0.391
81	167.46	1675 	0.396
82	166.81	1668 	0.400
83	166.16	1662 	0.405
84	165.53	1655 	0.410
85	164.91	1649 	0.415
86	164.29	1643 	0.420
87	163.68	1637 	0.425
88	163.08	1631 	0.430
89	162.48	1625 	0.435
90	161.89	1619 	0.439
91	161.31	1613 	0.444
92	160.73	1607 	0.449
93	160.16	1602 	0.454
94	159.60	1596 	0.459
95	159.04	1590 	0.464
96	158.49	1585 	0.469
97	157.94	1579 	0.474
98	157.41	1574 	0.479
99	156.87	1569 	0.483
100	156.34	1563 	0.488
101	155.82	1558 	0.493
102	155.30	1553 	0.498
103	154.79	1548 	0.503
104	154.28	1543 	0.508
105	153.78	1538 	0.513
106	153.28	1533 	0.518
107	152.79	1528 	0.522
108	152.30	1523 	0.527
109	151.81	1518 	0.532
110	151.33	1513 	0.537
111	150.86	1509 	0.542
112	150.39	1504 	0.547
113	149.92	1499 	0.552
114	149.46	1495 	0.557
115	149.00	1490 	0.562
116	148.55	1485 	0.566
117	148.10	1481 	0.571
118	147.65	1476 	0.576
119	147.21	1472 	0.581
120	146.77	1468 	0.586
121	146.33	1463 	0.591
122	145.90	1459 	0.596
123	145.47	1455 	0.601
124	145.04	1450 	0.605
125	144.62	1446 	0.610
126	144.20	1442 	0.615
127	143.79	1438 	0.620
128	143.38	1434 	0.625
129	142.97	1430 	0.630
130	142.56	1426 	0.635
131	142.16	1422 	0.640
132	141.76	1418 	0.645
133	141.36	1414 	0.649
134	140.97	1410 	0.654
135	140.58	1406 	0.659
136	140.19	1402 	0.664
137	139.80	1398 	0.669
138	139.42	1394 	0.674
139	139.04	1390 	0.679
140	138.66	1387 	0.684
141	138.29	1383 	0.688
142	137.92	1379 	0.693
143	137.55	1375 	0.698
144	137.18	1372 	0.703
145	136.82	1368 	0.708
146	136.45	1365 	0.713
147	136.09	1361 	0.718
148	135.74	1357 	0.723
149	135.38	1354 	0.728
150	135.03	1350 	0.732
151	134.68	1347 	0.737
152	134.33	1343 	0.742
153	133.98	1340 	0.747
154	133.64	1336 	0.752
155	133.30	1333 	0.757
156	132.96	1330 	0.762
157	132.62	1326 	0.767
158	132.28	1323 	0.771
159	131.95	1319 	0.776
160	131.62	1316 	0.781
161	131.29	1313 	0.786
162	130.96	1310 	0.791
163	130.63	1306 	0.796
164	130.31	1303 	0.801
165	129.99	1300 	0.806
166	129.67	1297 	0.811
167	129.35	1293 	0.815
168	129.03	1290 	0.820
169	128.71	1287 	0.825
170	128.40	1284 	0.830
171	128.09	1281 	0.835
172	127.78	1278 	0.840
173	127.47	1275 	0.845
174	127.16	1272 	0.850
175	126.86	1269 	0.854
176	126.55	1266 	0.859
177	126.25	1263 	0.864
178	125.95	1260 	0.869
179	125.65	1257 	0.874
180	125.36	1254 	0.879
181	125.06	1251 	0.884
182	124.77	1248 	0.889
183	124.47	1245 	0.894
184	124.18	1242 	0.898
185	123.89	1239 	0.903
186	123.60	1236 	0.908
187	123.32	1233 	0.913
188	123.03	1230 	0.918
189	122.75	1227 	0.923
190	122.46	1225 	0.928
191	122.18	1222 	0.933
192	121.90	1219 	0.938
193	121.62	1216 	0.942
194	121.35	1213 	0.947
195	121.07	1211 	0.952
196	120.79	1208 	0.957
197	120.52	1205 	0.962
198	120.25	1202 	0.967
199	119.98	1200 	0.972
200	119.71	1197 	0.977
201	119.44	1194 	0.981
202	119.17	1192 	0.986
203	118.90	1189 	0.991
204	118.64	1186 	0.996
205	118.37	1184 	1.001
206	118.11	1181 	1.006
207	117.85	1178 	1.011
208	117.59	1176 	1.016
209	117.33	1173 	1.021
210	117.07	1171 	1.025
211	116.81	1168 	1.030
212	116.55	1166 	1.035
213	116.30	1163 	1.040
214	116.04	1160 	1.045
215	115.79	1158 	1.050
216	115.54	1155 	1.055
217	115.29	1153 	1.060
218	115.04	1150 	1.064
219	114.79	1148 	1.069
220	114.54	1145 	1.074
221	114.29	1143 	1.079
222	114.04	1140 	1.084
223	113.80	1138 	1.089
224	113.55	1136 	1.094
225	113.31	1133 	1.099
226	113.07	1131 	1.104
227	112.82	1128 	1.108
228	112.58	1126 	1.113
229	112.34	1123 	1.118
230	112.10	1121 	1.123
231	111.87	1119 	1.128
232	111.63	1116 	1.133
233	111.39	1114 	1.138
234	111.16	1112 	1.143
235	110.92	1109 	1.147
236	110.69	1107 	1.152
237	110.45	1105 	1.157
238	110.22	1102 	1.162
239	109.99	1100 	1.167
240	109.76	1098 	1.172
241	109.53	1095 	1.177
242	109.30	1093 	1.182
243	109.07	1091 	1.187
244	108.84	1088 	1.191
245	108.62	1086 	1.196
246	108.39	1084 	1.201
247	108.17	1082 	1.206
248	107.94	1079 	1.211
249	107.72	1077 	1.216
250	107.49	1075 	1.221
251	107.27	1073 	1.226
252	107.05	1070 	1.230
253	106.83	1068 	1.235
254	106.61	1066 	1.240
255	106.39	1064 	1.245
256	106.17	1062 	1.250
257	105.95	1060 	1.255
258	105.73	1057 	1.260
259	105.52	1055 	1.265
260	105.30	1053 	1.270
261	105.09	1051 	1.274
262	104.87	1049 	1.279
263	104.66	1047 	1.284
264	104.44	1044 	1.289
265	104.23	1042 	1.294
266	104.02	1040 	1.299
267	103.81	1038 	1.304
268	103.60	1036 	1.309
269	103.38	1034 	1.313
270	103.17	1032 	1.318
271	102.97	1030 	1.323
272	102.76	1028 	1.328
273	102.55	1025 	1.333
274	102.34	1023 	1.338
275	102.13	1021 	1.343
276	101.93	1019 	1.348
277	101.72	1017 	1.353
278	101.52	1015 	1.357
279	101.31	1013 	1.362
280	101.11	1011 	1.367
281	100.91	1009 	1.372
282	100.70	1007 	1.377
283	100.50	1005 	1.382
284	100.30	1003 	1.387
285	100.10	1001 	1.392
286	99.90	999 	1.396
287	99.70	997 	1.401
288	99.50	995 	1.406
289	99.30	993 	1.411
290	99.10	991 	1.416
291	98.90	989 	1.421
292	98.70	987 	1.426
293	98.51	985 	1.431
294	98.31	983 	1.436
295	98.11	981 	1.440
296	97.92	979 	1.445
297	97.72	977 	1.450
298	97.53	975 	1.455
299	97.33	973 	1.460
300	97.14	971 	1.465
301	96.95	969 	1.470
302	96.75	968 	1.475
303	96.56	966 	1.479
304	96.37	964 	1.484
305	96.18	962 	1.489
306	95.99	960 	1.494
307	95.80	958 	1.499
308	95.61	956 	1.504
309	95.42	954 	1.509
310	95.23	952 	1.514
311	95.04	950 	1.519
312	94.85	949 	1.523
313	94.66	947 	1.528
314	94.48	945 	1.533
315	94.29	943 	1.538
316	94.10	941 	1.543
317	93.92	939 	1.548
318	93.73	937 	1.553
319	93.54	935 	1.558
320	93.36	934 	1.563
321	93.18	932 	1.567
322	92.99	930 	1.572
323	92.81	928 	1.577
324	92.62	926 	1.582
325	92.44	924 	1.587
326	92.26	923 	1.592
327	92.08	921 	1.597
328	91.89	919 	1.602
329	91.71	917 	1.606
330	91.53	915 	1.611
331	91.35	914 	1.616
332	91.17	912 	1.621
333	90.99	910 	1.626
334	90.81	908 	1.631
335	90.63	906 	1.636
336	90.45	905 	1.641
337	90.27	903 	1.646
338	90.10	901 	1.650
339	89.92	899 	1.655
340	89.74	897 	1.660
341	89.56	896 	1.665
342	89.39	894 	1.670
343	89.21	892 	1.675
344	89.03	890 	1.680
345	88.86	889 	1.685
346	88.68	887 	1.689
347	88.51	885 	1.694
348	88.33	883 	1.699
349	88.16	882 	1.704
350	87.98	880 	1.709
351	87.81	878 	1.714
352	87.63	876 	1.719
353	87.46	875 	1.724
354	87.29	873 	1.729
355	87.12	871 	1.733
356	86.94	869 	1.738
357	86.77	868 	1.743
358	86.60	866 	1.748
359	86.43	864 	1.753
360	86.26	863 	1.758
361	86.09	861 	1.763
362	85.91	859 	1.768
363	85.74	857 	1.772
364	85.57	856 	1.777
365	85.40	854 	1.782
366	85.23	852 	1.787
367	85.07	851 	1.792
368	84.90	849 	1.797
369	84.73	847 	1.802
370	84.56	846 	1.807
371	84.39	844 	1.812
372	84.22	842 	1.816
373	84.06	841 	1.821
374	83.89	839 	1.826
375	83.72	837 	1.831
376	83.55	836 	1.836
377	83.39	834 	1.841
378	83.22	832 	1.846
379	83.05	831 	1.851
380	82.89	829 	1.855
381	82.72	827 	1.860
382	82.56	826 	1.865
383	82.39	824 	1.870
384	82.23	822 	1.875
385	82.06	821 	1.880
386	81.90	819 	1.885
387	81.73	817 	1.890
388	81.57	816 	1.895
389	81.41	814 	1.899
390	81.24	812 	1.904
391	81.08	811 	1.909
392	80.92	809 	1.914
393	80.75	808 	1.919
394	80.59	806 	1.924
395	80.43	804 	1.929
396	80.27	803 	1.934
397	80.11	801 	1.938
398	79.94	799 	1.943
399	79.78	798 	1.948
400	79.62	796 	1.953
401	79.46	795 	1.958
402	79.30	793 	1.963
403	79.14	791 	1.968
404	78.98	790 	1.973
405	78.82	788 	1.978
406	78.66	787 	1.982
407	78.50	785 	1.987
408	78.34	783 	1.992
409	78.18	782 	1.997
410	78.02	780 	2.002
411	77.86	779 	2.007
412	77.70	777 	2.012
413	77.54	775 	2.017
414	77.38	774 	2.021
415	77.23	772 	2.026
416	77.07	771 	2.031
417	76.91	769 	2.036
418	76.75	768 	2.041
419	76.59	766 	2.046
420	76.44	764 	2.051
421	76.28	763 	2.056
422	76.12	761 	2.061
423	75.97	760 	2.065
424	75.81	758 	2.070
425	75.65	757 	2.075
426	75.50	755 	2.080
427	75.34	753 	2.085
428	75.18	752 	2.090
429	75.03	750 	2.095
430	74.87	749 	2.100
431	74.72	747 	2.104
432	74.56	746 	2.109
433	74.41	744 	2.114
434	74.25	743 	2.119
435	74.10	741 	2.124
436	73.94	739 	2.129
437	73.79	738 	2.134
438	73.63	736 	2.139
439	73.48	735 	2.144
440	73.32	733 	2.148
441	73.17	732 	2.153
442	73.01	730 	2.158
443	72.86	729 	2.163
444	72.71	727 	2.168
445	72.55	726 	2.173
446	72.40	724 	2.178
447	72.25	722 	2.183
448	72.09	721 	2.188
449	71.94	719 	2.192
450	71.79	718 	2.197
451	71.64	716 	2.202
452	71.48	715 	2.207
453	71.33	713 	2.212
454	71.18	712 	2.217
455	71.03	710 	2.222
456	70.87	709 	2.227
457	70.72	707 	2.231
458	70.57	706 	2.236
459	70.42	704 	2.241
460	70.27	703 	2.246
461	70.12	701 	2.251
462	69.96	700 	2.256
463	69.81	698 	2.261
464	69.66	697 	2.266
465	69.51	695 	2.271
466	69.36	694 	2.275
467	69.21	692 	2.280
468	69.06	691 	2.285
469	68.91	689 	2.290
470	68.76	688 	2.295
471	68.61	686 	2.300
472	68.46	685 	2.305
473	68.31	683 	2.310
474	68.16	682 	2.314
475	68.01	680 	2.319
476	67.86	679 	2.324
477	67.71	677 	2.329
478	67.56	676 	2.334
479	67.41	674 	2.339
480	67.26	673 	2.344
481	67.11	671 	2.349
482	66.96	670 	2.354
483	66.81	668 	2.358
484	66.66	667 	2.363
485	66.51	665 	2.368
486	66.36	664 	2.373
487	66.21	662 	2.378
488	66.07	661 	2.383
489	65.92	659 	2.388
490	65.77	658 	2.393
491	65.62	656 	2.397
492	65.47	655 	2.402
493	65.32	653 	2.407
494	65.18	652 	2.412
495	65.03	650 	2.417
496	64.88	649 	2.422
497	64.73	647 	2.427
498	64.58	646 	2.432
499	64.44	644 	2.437
500	64.29	643 	2.441
501	64.14	641 	2.446
502	63.99	640 	2.451
503	63.84	638 	2.456
504	63.70	637 	2.461
505	63.55	635 	2.466
506	63.40	634 	2.471
507	63.25	633 	2.476
508	63.11	631 	2.480
509	62.96	630 	2.485
510	62.81	628 	2.490
511	62.67	627 	2.495
512	62.52	625 	2.500
513	62.37	624 	2.505
514	62.22	622 	2.510
515	62.08	621 	2.515
516	61.93	619 	2.520
517	61.78	618 	2.524
518	61.64	616 	2.529
519	61.49	615 	2.534
520	61.34	613 	2.539
521	61.20	612 	2.544
522	61.05	610 	2.549
523	60.90	609 	2.554
524	60.76	608 	2.559
525	60.61	606 	2.563
526	60.46	605 	2.568
527	60.32	603 	2.573
528	60.17	602 	2.578
529	60.02	600 	2.583
530	59.88	599 	2.588
531	59.73	597 	2.593
532	59.59	596 	2.598
533	59.44	594 	2.603
534	59.29	593 	2.607
535	59.15	591 	2.612
536	59.00	590 	2.617
537	58.86	589 	2.622
538	58.71	587 	2.627
539	58.56	586 	2.632
540	58.42	584 	2.637
541	58.27	583 	2.642
542	58.13	581 	2.646
543	57.98	580 	2.651
544	57.83	578 	2.656
545	57.69	577 	2.661
546	57.54	575 	2.666
547	57.40	574 	2.671
548	57.25	572 	2.676
549	57.10	571 	2.681
550	56.96	570 	2.686
551	56.81	568 	2.690
552	56.67	567 	2.695
553	56.52	565 	2.700
554	56.37	564 	2.705
555	56.23	562 	2.710
556	56.08	561 	2.715
557	55.94	559 	2.720
558	55.79	558 	2.725
559	55.65	556 	2.729
560	55.50	555 	2.734
561	55.35	554 	2.739
562	55.21	552 	2.744
563	55.06	551 	2.749
564	54.92	549 	2.754
565	54.77	548 	2.759
566	54.63	546 	2.764
567	54.48	545 	2.769
568	54.33	543 	2.773
569	54.19	542 	2.778
570	54.04	540 	2.783
571	53.90	539 	2.788
572	53.75	537 	2.793
573	53.60	536 	2.798
574	53.46	535 	2.803
575	53.31	533 	2.808
576	53.17	532 	2.813
577	53.02	530 	2.817
578	52.87	529 	2.822
579	52.73	527 	2.827
580	52.58	526 	2.832
581	52.44	524 	2.837
582	52.29	523 	2.842
583	52.14	521 	2.847
584	52.00	520 	2.852
585	51.85	519 	2.856
586	51.71	517 	2.861
587	51.56	516 	2.866
588	51.41	514 	2.871
589	51.27	513 	2.876
590	51.12	511 	2.881
591	50.97	510 	2.886
592	50.83	508 	2.891
593	50.68	507 	2.896
594	50.53	505 	2.900
595	50.39	504 	2.905
596	50.24	502 	2.910
597	50.10	501 	2.915
598	49.95	499 	2.920
599	49.80	498 	2.925
600	49.66	497 	2.930
601	49.51	495 	2.935
602	49.36	494 	2.939
603	49.21	492 	2.944
604	49.07	491 	2.949
605	48.92	489 	2.954
606	48.77	488 	2.959
607	48.63	486 	2.964
608	48.48	485 	2.969
609	48.33	483 	2.974
610	48.19	482 	2.979
611	48.04	480 	2.983
612	47.89	479 	2.988
613	47.74	477 	2.993
614	47.60	476 	2.998
615	47.45	474 	3.003
616	47.30	473 	3.008
617	47.15	472 	3.013
618	47.00	470 	3.018
619	46.86	469 	3.022
620	46.71	467 	3.027
621	46.56	466 	3.032
622	46.41	464 	3.037
623	46.26	463 	3.042
624	46.12	461 	3.047
625	45.97	460 	3.052
626	45.82	458 	3.057
627	45.67	457 	3.062
628	45.52	455 	3.066
629	45.37	454 	3.071
630	45.23	452 	3.076
631	45.08	451 	3.081
632	44.93	449 	3.086
633	44.78	448 	3.091
634	44.63	446 	3.096
635	44.48	445 	3.101
636	44.33	443 	3.105
637	44.18	442 	3.110
638	44.03	440 	3.115
639	43.88	439 	3.120
640	43.73	437 	3.125
641	43.58	436 	3.130
642	43.43	434 	3.135
643	43.28	433 	3.140
644	43.13	431 	3.145
645	42.98	430 	3.149
646	42.83	428 	3.154
647	42.68	427 	3.159
648	42.53	425 	3.164
649	42.38	424 	3.169
650	42.23	422 	3.174
651	42.08	421 	3.179
652	41.93	419 	3.184
653	41.78	418 	3.188
654	41.63	416 	3.193
655	41.48	415 	3.198
656	41.33	413 	3.203
657	41.17	412 	3.208
658	41.02	410 	3.213
659	40.87	409 	3.218
660	40.72	407 	3.223
661	40.57	406 	3.228
662	40.41	404 	3.232
663	40.26	403 	3.237
664	40.11	401 	3.242
665	39.96	400 	3.247
666	39.80	398 	3.252
667	39.65	397 	3.257
668	39.50	395 	3.262
669	39.35	393 	3.267
670	39.19	392 	3.271
671	39.04	390 	3.276
672	38.89	389 	3.281
673	38.73	387 	3.286
674	38.58	386 	3.291
675	38.42	384 	3.296
676	38.27	383 	3.301
677	38.12	381 	3.306
678	37.96	380 	3.311
679	37.81	378 	3.315
680	37.65	377 	3.320
681	37.50	375 	3.325
682	37.34	373 	3.330
683	37.19	372 	3.335
684	37.03	370 	3.340
685	36.87	369 	3.345
686	36.72	367 	3.350
687	36.56	366 	3.354
688	36.41	364 	3.359
689	36.25	363 	3.364
690	36.09	361 	3.369
691	35.94	359 	3.374
692	35.78	358 	3.379
693	35.62	356 	3.384
694	35.47	355 	3.389
695	35.31	353 	3.394
696	35.15	352 	3.398
697	34.99	350 	3.403
698	34.84	348 	3.408
699	34.68	347 	3.413
700	34.52	345 	3.418
701	34.36	344 	3.423
702	34.20	342 	3.428
703	34.04	340 	3.433
704	33.88	339 	3.438
705	33.72	337 	3.442
706	33.56	336 	3.447
707	33.40	334 	3.452
708	33.24	332 	3.457
709	33.08	331 	3.462
710	32.92	329 	3.467
711	32.76	328 	3.472
712	32.60	326 	3.477
713	32.44	324 	3.481
714	32.28	323 	3.486
715	32.12	321 	3.491
716	31.96	320 	3.496
717	31.79	318 	3.501
718	31.63	316 	3.506
719	31.47	315 	3.511
720	31.31	313 	3.516
721	31.14	311 	3.521
722	30.98	310 	3.525
723	30.82	308 	3.530
724	30.65	307 	3.535
725	30.49	305 	3.540
726	30.32	303 	3.545
727	30.16	302 	3.550
728	30.00	300 	3.555
729	29.83	298 	3.560
730	29.67	297 	3.564
731	29.50	295 	3.569
732	29.33	293 	3.574
733	29.17	292 	3.579
734	29.00	290 	3.584
735	28.83	288 	3.589
736	28.67	287 	3.594
737	28.50	285 	3.599
738	28.33	283 	3.604
739	28.16	282 	3.608
740	28.00	280 	3.613
741	27.83	278 	3.618
742	27.66	277 	3.623
743	27.49	275 	3.628
744	27.32	273 	3.633
745	27.15	272 	3.638
746	26.98	270 	3.643
747	26.81	268 	3.647
748	26.64	266 	3.652
749	26.47	265 	3.657
750	26.30	263 	3.662
751	26.13	261 	3.667
752	25.96	260 	3.672
753	25.78	258 	3.677
754	25.61	256 	3.682
755	25.44	254 	3.687
756	25.26	253 	3.691
757	25.09	251 	3.696
758	24.92	249 	3.701
759	24.74	247 	3.706
760	24.57	246 	3.711
761	24.39	244 	3.716
762	24.22	242 	3.721
763	24.04	240 	3.726
764	23.87	239 	3.730
765	23.69	237 	3.735
766	23.51	235 	3.740
767	23.34	233 	3.745
768	23.16	232 	3.750
769	22.98	230 	3.755
770	22.80	228 	3.760
771	22.62	226 	3.765
772	22.45	224 	3.770
773	22.27	223 	3.774
774	22.09	221 	3.779
775	21.91	219 	3.784
776	21.73	217 	3.789
777	21.54	215 	3.794
778	21.36	214 	3.799
779	21.18	212 	3.804
780	21.00	210 	3.809
781	20.82	208 	3.813
782	20.63	206 	3.818
783	20.45	204 	3.823
784	20.26	203 	3.828
785	20.08	201 	3.833
786	19.89	199 	3.838
787	19.71	197 	3.843
788	19.52	195 	3.848
789	19.34	193 	3.853
790	19.15	192 	3.857
791	18.96	190 	3.862
792	18.78	188 	3.867
793	18.59	186 	3.872
794	18.40	184 	3.877
795	18.21	182 	3.882
796	18.02	180 	3.887
797	17.83	178 	3.892
798	17.64	176 	3.896
799	17.45	174 	3.901
800	17.25	173 	3.906
801	17.06	171 	3.911
802	16.87	169 	3.916
803	16.68	167 	3.921
804	16.48	165 	3.926
805	16.29	163 	3.931
806	16.09	161 	3.936
807	15.90	159 	3.940
808	15.70	157 	3.945
809	15.50	155 	3.950
810	15.31	153 	3.955
811	15.11	151 	3.960
812	14.91	149 	3.965
813	14.71	147 	3.970
814	14.51	145 	3.975
815	14.31	143 	3.979
816	14.11	141 	3.984
817	13.91	139 	3.989
818	13.71	137 	3.994
819	13.50	135 	3.999
820	13.30	133 	4.004
821	13.10	131 	4.009
822	12.89	129 	4.014
823	12.69	127 	4.019
824	12.48	125 	4.023
825	12.27	123 	4.028
826	12.07	121 	4.033
827	11.86	119 	4.038
828	11.65	116 	4.043
829	11.44	114 	4.048
830	11.23	112 	4.053
831	11.02	110 	4.058
832	10.81	108 	4.063
833	10.59	106 	4.067
834	10.38	104 	4.072
835	10.17	102 	4.077
836	9.95	100 	4.082
837	9.74	97 	4.087
838	9.52	95 	4.092
839	9.30	93 	4.097
840	9.09	91 	4.102
841	8.87	89 	4.106
842	8.65	86 	4.111
843	8.43	84 	4.116
844	8.21	82 	4.121
845	7.98	80 	4.126
846	7.76	78 	4.131
847	7.54	75 	4.136
848	7.31	73 	4.141
849	7.09	71 	4.146
850	6.86	69 	4.150
851	6.63	66 	4.155
852	6.41	64 	4.160
853	6.18	62 	4.165
854	5.95	59 	4.170
855	5.71	57 	4.175
856	5.48	55 	4.180
857	5.25	52 	4.185
858	5.02	50 	4.189
859	4.78	48 	4.194
860	4.54	45 	4.199
861	4.31	43 	4.204
862	4.07	41 	4.209
863	3.83	38 	4.214
864	3.59	36 	4.219
865	3.35	33 	4.224
866	3.11	31 	4.229
867	2.86	29 	4.233
868	2.62	26 	4.238
869	2.37	24 	4.243
870	2.13	21 	4.248
871	1.88	19 	4.253
872	1.63	16 	4.258
873	1.38	14 	4.263
874	1.13	11 	4.268
875	0.87	9 	4.272
876	0.62	6 	4.277
877	0.36	4 	4.282
878	0.11	1 	4.287
879	-0.15	-2 	4.292
880	-0.41	-4 	4.297
881	-0.67	-7 	4.302
882	-0.93	-9 	4.307
883	-1.20	-12 	4.312
884	-1.46	-15 	4.316
885	-1.73	-17 	4.321
886	-2.00	-20 	4.326
887	-2.26	-23 	4.331
888	-2.53	-25 	4.336
889	-2.81	-28 	4.341
890	-3.08	-31 	4.346
891	-3.36	-34 	4.351
892	-3.63	-36 	4.355
893	-3.91	-39 	4.360
894	-4.19	-42 	4.365
895	-4.47	-45 	4.370
896	-4.76	-48 	4.375
897	-5.04	-50 	4.380
898	-5.33	-53 	4.385
899	-5.62	-56 	4.390
900	-5.91	-59 	4.395
901	-6.20	-62 	4.399
902	-6.49	-65 	4.404
903	-6.79	-68 	4.409
904	-7.09	-71 	4.414
905	-7.39	-74 	4.419
906	-7.69	-77 	4.424
907	-7.99	-80 	4.429
908	-8.30	-83 	4.434
909	-8.61	-86 	4.438
910	-8.92	-89 	4.443
911	-9.23	-92 	4.448
912	-9.54	-95 	4.453
913	-9.86	-99 	4.458
914	-10.18	-102 	4.463
915	-10.50	-105 	4.468
916	-10.82	-108 	4.473
917	-11.15	-112 	4.478
918	-11.48	-115 	4.482
919	-11.81	-118 	4.487
920	-12.14	-121 	4.492
921	-12.48	-125 	4.497
922	-12.82	-128 	4.502
923	-13.16	-132 	4.507
924	-13.50	-135 	4.512
925	-13.85	-139 	4.517
926	-14.20	-142 	4.521
927	-14.55	-146 	4.526
928	-14.91	-149 	4.531
929	-15.27	-153 	4.536
930	-15.63	-156 	4.541
931	-15.99	-160 	4.546
932	-16.36	-164 	4.551
933	-16.73	-167 	4.556
934	-17.11	-171 	4.561
935	-17.49	-175 	4.565
936	-17.87	-179 	4.570
937	-18.25	-183 	4.575
938	-18.64	-186 	4.580
939	-19.04	-190 	4.585
940	-19.43	-194 	4.590
941	-19.83	-198 	4.595
942	-20.24	-202 	4.600
943	-20.65	-206 	4.604
944	-21.06	-211 	4.609
945	-21.48	-215 	4.614
946	-21.90	-219 	4.619
947	-22.33	-223 	4.624
948	-22.76	-228 	4.629
949	-23.19	-232 	4.634
950	-23.64	-236 	4.639
951	-24.08	-241 	4.644
952	-24.53	-245 	4.648
953	-24.99	-250 	4.653
954	-25.45	-255 	4.658
955	-25.92	-259 	4.663
956	-26.39	-264 	4.668
957	-26.87	-269 	4.673
958	-27.36	-274 	4.678
959	-27.85	-279 	4.683
960	-28.35	-283 	4.688
961	-28.86	-289 	4.692
962	-29.37	-294 	4.697
963	-29.89	-299 	4.702
964	-30.41	-304 	4.707
965	-30.95	-309 	4.712
966	-31.49	-315 	4.717
967	-32.04	-320 	4.722
968	-32.60	-326 	4.727
969	-33.17	-332 	4.731
970	-33.75	-337 	4.736
971	-34.34	-343 	4.741
972	-34.93	-349 	4.746
973	-35.54	-355 	4.751
974	-36.16	-362 	4.756
975	-36.79	-368 	4.761
976	-37.43	-374 	4.766
977	-38.08	-381 	4.771
978	-38.74	-387 	4.775
979	-39.42	-394 	4.780
980	180.00	1800 	4.785
981	180.00	1800 	4.790
982	180.00	1800 	4.795
983	180.00	1800 	4.800
984	180.00	1800 	4.805
985	180.00	1800 	4.810
986	180.00	1800 	4.814
987	180.00	1800 	4.819
988	180.00	1800 	4.824
989	180.00	1800 	4.829
990	180.00	1800 	4.834
991	180.00	1800 	4.839
992	180.00	1800 	4.844
993	180.00	1800 	4.849
994	180.00	1800 	4.854
995	180.00	1800 	4.858
996	180.00	1800 	4.863
997	180.00	1800 	4.868
998	180.00	1800 	4.873
999	180.00	1800 	4.878
1000	180.00	1800 	4.883
1001	180.00	1800 	4.888
1002	180.00	1800 	4.893
1003	180.00	1800 	4.897
1004	180.00	1800 	4.902
1005	180.00	1800 	4.907
1006	180.00	1800 	4.912
1007	180.00	1800 	4.917
1008	180.00	1800 	4.922
1009	180.00	1800 	4.927
1010	180.00	1800 	4.932
1011	180.00	1800 	4.937
1012	180.00	1800 	4.941
1013	180.00	1800 	4.946
1014	180.00	1800 	4.951
1015	180.00	1800 	4.956
1016	180.00	1800 	4.961
1017	180.00	1800 	4.966
1018	180.00	1800 	4.971
1019	180.00	1800 	4.976
1020	180.00	1800 	4.980
1021	180.00	1800 	4.985
1022	180.00	1800 	4.990
1023	180.00	1800 	4.995
