//------------------------------------------------------------------------------
//--  Generated by TunerStudio 
//--  Date: 11-12-2018
//--  Time: 12:34
//--  This file merely records what was sent to your Controller,        
//--  and may be deleted at any time.                                                    
//--  Selected type: Air Temperature Sensor 
//------------------------------------------------------------------------------

//-- generated using refTable Generator:thermGenerator
//-- Table Identifier:001//--    Generated by ThermTableGenerator using user input values. 
//--    Bias Resistor value: 2490.0 Ohms
//--    Temperature1: 0.0(C), 	Resistance 1: 5800.0 Ohms 
//--    Temperature2: 80.0(C), 	Resistance 2: 320.0 Ohms 
//--    Temperature3: 100.0(C), 	Resistance 3: 180.0 Ohms 
//-- 

//----------------------------------------------------------//
ADC 	Value 	MSVal 	volts
0	70.00	700 	0.000
1	70.00	700 	0.005
2	70.00	700 	0.010
3	70.00	700 	0.015
4	70.00	700 	0.020
5	70.00	700 	0.024
6	70.00	700 	0.029
7	70.00	700 	0.034
8	70.00	700 	0.039
9	70.00	700 	0.044
10	70.00	700 	0.049
11	70.00	700 	0.054
12	349.81	3498 	0.059
13	342.62	3426 	0.063
14	336.07	3361 	0.068
15	330.04	3300 	0.073
16	324.47	3245 	0.078
17	319.29	3193 	0.083
18	314.45	3145 	0.088
19	309.92	3099 	0.093
20	305.67	3057 	0.098
21	301.65	3016 	0.103
22	297.85	2978 	0.107
23	294.24	2942 	0.112
24	290.81	2908 	0.117
25	287.54	2875 	0.122
26	284.42	2844 	0.127
27	281.44	2814 	0.132
28	278.58	2786 	0.137
29	275.83	2758 	0.142
30	273.20	2732 	0.146
31	270.66	2707 	0.151
32	268.21	2682 	0.156
33	265.85	2658 	0.161
34	263.57	2636 	0.166
35	261.36	2614 	0.171
36	259.23	2592 	0.176
37	257.16	2572 	0.181
38	255.15	2552 	0.186
39	253.21	2532 	0.190
40	251.32	2513 	0.195
41	249.48	2495 	0.200
42	247.69	2477 	0.205
43	245.95	2459 	0.210
44	244.25	2443 	0.215
45	242.60	2426 	0.220
46	240.99	2410 	0.225
47	239.41	2394 	0.229
48	237.88	2379 	0.234
49	236.38	2364 	0.239
50	234.91	2349 	0.244
51	233.48	2335 	0.249
52	232.07	2321 	0.254
53	230.70	2307 	0.259
54	229.35	2294 	0.264
55	228.04	2280 	0.269
56	226.75	2267 	0.273
57	225.48	2255 	0.278
58	224.24	2242 	0.283
59	223.02	2230 	0.288
60	221.83	2218 	0.293
61	220.65	2207 	0.298
62	219.50	2195 	0.303
63	218.37	2184 	0.308
64	217.26	2173 	0.313
65	216.16	2162 	0.317
66	215.09	2151 	0.322
67	214.03	2140 	0.327
68	212.99	2130 	0.332
69	211.97	2120 	0.337
70	210.96	2110 	0.342
71	209.97	2100 	0.347
72	208.99	2090 	0.352
73	208.03	2080 	0.356
74	207.08	2071 	0.361
75	206.15	2061 	0.366
76	205.23	2052 	0.371
77	204.32	2043 	0.376
78	203.42	2034 	0.381
79	202.54	2025 	0.386
80	201.67	2017 	0.391
81	200.81	2008 	0.396
82	199.96	2000 	0.400
83	199.13	1991 	0.405
84	198.30	1983 	0.410
85	197.49	1975 	0.415
86	196.68	1967 	0.420
87	195.89	1959 	0.425
88	195.10	1951 	0.430
89	194.33	1943 	0.435
90	193.56	1936 	0.439
91	192.80	1928 	0.444
92	192.05	1921 	0.449
93	191.31	1913 	0.454
94	190.58	1906 	0.459
95	189.86	1899 	0.464
96	189.15	1891 	0.469
97	188.44	1884 	0.474
98	187.74	1877 	0.479
99	187.05	1870 	0.483
100	186.36	1864 	0.488
101	185.68	1857 	0.493
102	185.01	1850 	0.498
103	184.35	1843 	0.503
104	183.69	1837 	0.508
105	183.04	1830 	0.513
106	182.40	1824 	0.518
107	181.76	1818 	0.522
108	181.13	1811 	0.527
109	180.51	1805 	0.532
110	179.89	1799 	0.537
111	179.27	1793 	0.542
112	178.67	1787 	0.547
113	178.06	1781 	0.552
114	177.47	1775 	0.557
115	176.88	1769 	0.562
116	176.29	1763 	0.566
117	175.71	1757 	0.571
118	175.13	1751 	0.576
119	174.56	1746 	0.581
120	174.00	1740 	0.586
121	173.44	1734 	0.591
122	172.88	1729 	0.596
123	172.33	1723 	0.601
124	171.78	1718 	0.605
125	171.24	1712 	0.610
126	170.70	1707 	0.615
127	170.17	1702 	0.620
128	169.64	1696 	0.625
129	169.12	1691 	0.630
130	168.60	1686 	0.635
131	168.08	1681 	0.640
132	167.57	1676 	0.645
133	167.06	1671 	0.649
134	166.55	1666 	0.654
135	166.05	1661 	0.659
136	165.56	1656 	0.664
137	165.06	1651 	0.669
138	164.57	1646 	0.674
139	164.09	1641 	0.679
140	163.60	1636 	0.684
141	163.12	1631 	0.688
142	162.65	1626 	0.693
143	162.17	1622 	0.698
144	161.71	1617 	0.703
145	161.24	1612 	0.708
146	160.78	1608 	0.713
147	160.32	1603 	0.718
148	159.86	1599 	0.723
149	159.41	1594 	0.728
150	158.96	1590 	0.732
151	158.51	1585 	0.737
152	158.06	1581 	0.742
153	157.62	1576 	0.747
154	157.18	1572 	0.752
155	156.75	1567 	0.757
156	156.31	1563 	0.762
157	155.88	1559 	0.767
158	155.46	1555 	0.771
159	155.03	1550 	0.776
160	154.61	1546 	0.781
161	154.19	1542 	0.786
162	153.77	1538 	0.791
163	153.35	1534 	0.796
164	152.94	1529 	0.801
165	152.53	1525 	0.806
166	152.12	1521 	0.811
167	151.72	1517 	0.815
168	151.32	1513 	0.820
169	150.92	1509 	0.825
170	150.52	1505 	0.830
171	150.12	1501 	0.835
172	149.73	1497 	0.840
173	149.34	1493 	0.845
174	148.95	1489 	0.850
175	148.56	1486 	0.854
176	148.17	1482 	0.859
177	147.79	1478 	0.864
178	147.41	1474 	0.869
179	147.03	1470 	0.874
180	146.65	1467 	0.879
181	146.28	1463 	0.884
182	145.91	1459 	0.889
183	145.54	1455 	0.894
184	145.17	1452 	0.898
185	144.80	1448 	0.903
186	144.43	1444 	0.908
187	144.07	1441 	0.913
188	143.71	1437 	0.918
189	143.35	1433 	0.923
190	142.99	1430 	0.928
191	142.64	1426 	0.933
192	142.28	1423 	0.938
193	141.93	1419 	0.942
194	141.58	1416 	0.947
195	141.23	1412 	0.952
196	140.88	1409 	0.957
197	140.53	1405 	0.962
198	140.19	1402 	0.967
199	139.85	1398 	0.972
200	139.51	1395 	0.977
201	139.17	1392 	0.981
202	138.83	1388 	0.986
203	138.49	1385 	0.991
204	138.16	1382 	0.996
205	137.82	1378 	1.001
206	137.49	1375 	1.006
207	137.16	1372 	1.011
208	136.83	1368 	1.016
209	136.50	1365 	1.021
210	136.18	1362 	1.025
211	135.85	1359 	1.030
212	135.53	1355 	1.035
213	135.21	1352 	1.040
214	134.89	1349 	1.045
215	134.57	1346 	1.050
216	134.25	1342 	1.055
217	133.93	1339 	1.060
218	133.62	1336 	1.064
219	133.30	1333 	1.069
220	132.99	1330 	1.074
221	132.68	1327 	1.079
222	132.37	1324 	1.084
223	132.06	1321 	1.089
224	131.75	1318 	1.094
225	131.45	1314 	1.099
226	131.14	1311 	1.104
227	130.84	1308 	1.108
228	130.53	1305 	1.113
229	130.23	1302 	1.118
230	129.93	1299 	1.123
231	129.63	1296 	1.128
232	129.33	1293 	1.133
233	129.04	1290 	1.138
234	128.74	1287 	1.143
235	128.45	1284 	1.147
236	128.15	1282 	1.152
237	127.86	1279 	1.157
238	127.57	1276 	1.162
239	127.28	1273 	1.167
240	126.99	1270 	1.172
241	126.70	1267 	1.177
242	126.41	1264 	1.182
243	126.13	1261 	1.187
244	125.84	1258 	1.191
245	125.56	1256 	1.196
246	125.27	1253 	1.201
247	124.99	1250 	1.206
248	124.71	1247 	1.211
249	124.43	1244 	1.216
250	124.15	1241 	1.221
251	123.87	1239 	1.226
252	123.59	1236 	1.230
253	123.32	1233 	1.235
254	123.04	1230 	1.240
255	122.77	1228 	1.245
256	122.49	1225 	1.250
257	122.22	1222 	1.255
258	121.95	1219 	1.260
259	121.68	1217 	1.265
260	121.41	1214 	1.270
261	121.14	1211 	1.274
262	120.87	1209 	1.279
263	120.60	1206 	1.284
264	120.33	1203 	1.289
265	120.07	1201 	1.294
266	119.80	1198 	1.299
267	119.54	1195 	1.304
268	119.27	1193 	1.309
269	119.01	1190 	1.313
270	118.75	1187 	1.318
271	118.49	1185 	1.323
272	118.23	1182 	1.328
273	117.97	1180 	1.333
274	117.71	1177 	1.338
275	117.45	1175 	1.343
276	117.19	1172 	1.348
277	116.94	1169 	1.353
278	116.68	1167 	1.357
279	116.43	1164 	1.362
280	116.17	1162 	1.367
281	115.92	1159 	1.372
282	115.66	1157 	1.377
283	115.41	1154 	1.382
284	115.16	1152 	1.387
285	114.91	1149 	1.392
286	114.66	1147 	1.396
287	114.41	1144 	1.401
288	114.16	1142 	1.406
289	113.91	1139 	1.411
290	113.67	1137 	1.416
291	113.42	1134 	1.421
292	113.17	1132 	1.426
293	112.93	1129 	1.431
294	112.68	1127 	1.436
295	112.44	1124 	1.440
296	112.20	1122 	1.445
297	111.95	1120 	1.450
298	111.71	1117 	1.455
299	111.47	1115 	1.460
300	111.23	1112 	1.465
301	110.99	1110 	1.470
302	110.75	1107 	1.475
303	110.51	1105 	1.479
304	110.27	1103 	1.484
305	110.03	1100 	1.489
306	109.80	1098 	1.494
307	109.56	1096 	1.499
308	109.32	1093 	1.504
309	109.09	1091 	1.509
310	108.85	1089 	1.514
311	108.62	1086 	1.519
312	108.39	1084 	1.523
313	108.15	1082 	1.528
314	107.92	1079 	1.533
315	107.69	1077 	1.538
316	107.46	1075 	1.543
317	107.23	1072 	1.548
318	106.99	1070 	1.553
319	106.76	1068 	1.558
320	106.54	1065 	1.563
321	106.31	1063 	1.567
322	106.08	1061 	1.572
323	105.85	1059 	1.577
324	105.62	1056 	1.582
325	105.40	1054 	1.587
326	105.17	1052 	1.592
327	104.94	1049 	1.597
328	104.72	1047 	1.602
329	104.49	1045 	1.606
330	104.27	1043 	1.611
331	104.05	1040 	1.616
332	103.82	1038 	1.621
333	103.60	1036 	1.626
334	103.38	1034 	1.631
335	103.15	1032 	1.636
336	102.93	1029 	1.641
337	102.71	1027 	1.646
338	102.49	1025 	1.650
339	102.27	1023 	1.655
340	102.05	1021 	1.660
341	101.83	1018 	1.665
342	101.61	1016 	1.670
343	101.40	1014 	1.675
344	101.18	1012 	1.680
345	100.96	1010 	1.685
346	100.74	1007 	1.689
347	100.53	1005 	1.694
348	100.31	1003 	1.699
349	100.09	1001 	1.704
350	99.88	999 	1.709
351	99.66	997 	1.714
352	99.45	994 	1.719
353	99.23	992 	1.724
354	99.02	990 	1.729
355	98.81	988 	1.733
356	98.59	986 	1.738
357	98.38	984 	1.743
358	98.17	982 	1.748
359	97.96	980 	1.753
360	97.75	977 	1.758
361	97.54	975 	1.763
362	97.33	973 	1.768
363	97.12	971 	1.772
364	96.91	969 	1.777
365	96.70	967 	1.782
366	96.49	965 	1.787
367	96.28	963 	1.792
368	96.07	961 	1.797
369	95.86	959 	1.802
370	95.65	957 	1.807
371	95.45	954 	1.812
372	95.24	952 	1.816
373	95.03	950 	1.821
374	94.83	948 	1.826
375	94.62	946 	1.831
376	94.41	944 	1.836
377	94.21	942 	1.841
378	94.00	940 	1.846
379	93.80	938 	1.851
380	93.60	936 	1.855
381	93.39	934 	1.860
382	93.19	932 	1.865
383	92.99	930 	1.870
384	92.78	928 	1.875
385	92.58	926 	1.880
386	92.38	924 	1.885
387	92.18	922 	1.890
388	91.97	920 	1.895
389	91.77	918 	1.899
390	91.57	916 	1.904
391	91.37	914 	1.909
392	91.17	912 	1.914
393	90.97	910 	1.919
394	90.77	908 	1.924
395	90.57	906 	1.929
396	90.37	904 	1.934
397	90.17	902 	1.938
398	89.97	900 	1.943
399	89.77	898 	1.948
400	89.58	896 	1.953
401	89.38	894 	1.958
402	89.18	892 	1.963
403	88.98	890 	1.968
404	88.79	888 	1.973
405	88.59	886 	1.978
406	88.39	884 	1.982
407	88.20	882 	1.987
408	88.00	880 	1.992
409	87.80	878 	1.997
410	87.61	876 	2.002
411	87.41	874 	2.007
412	87.22	872 	2.012
413	87.02	870 	2.017
414	86.83	868 	2.021
415	86.64	866 	2.026
416	86.44	864 	2.031
417	86.25	862 	2.036
418	86.05	861 	2.041
419	85.86	859 	2.046
420	85.67	857 	2.051
421	85.48	855 	2.056
422	85.28	853 	2.061
423	85.09	851 	2.065
424	84.90	849 	2.070
425	84.71	847 	2.075
426	84.51	845 	2.080
427	84.32	843 	2.085
428	84.13	841 	2.090
429	83.94	839 	2.095
430	83.75	838 	2.100
431	83.56	836 	2.104
432	83.37	834 	2.109
433	83.18	832 	2.114
434	82.99	830 	2.119
435	82.80	828 	2.124
436	82.61	826 	2.129
437	82.42	824 	2.134
438	82.23	822 	2.139
439	82.04	820 	2.144
440	81.85	819 	2.148
441	81.67	817 	2.153
442	81.48	815 	2.158
443	81.29	813 	2.163
444	81.10	811 	2.168
445	80.91	809 	2.173
446	80.73	807 	2.178
447	80.54	805 	2.183
448	80.35	804 	2.188
449	80.16	802 	2.192
450	79.98	800 	2.197
451	79.79	798 	2.202
452	79.61	796 	2.207
453	79.42	794 	2.212
454	79.23	792 	2.217
455	79.05	790 	2.222
456	78.86	789 	2.227
457	78.68	787 	2.231
458	78.49	785 	2.236
459	78.31	783 	2.241
460	78.12	781 	2.246
461	77.94	779 	2.251
462	77.75	778 	2.256
463	77.57	776 	2.261
464	77.38	774 	2.266
465	77.20	772 	2.271
466	77.01	770 	2.275
467	76.83	768 	2.280
468	76.65	766 	2.285
469	76.46	765 	2.290
470	76.28	763 	2.295
471	76.09	761 	2.300
472	75.91	759 	2.305
473	75.73	757 	2.310
474	75.55	755 	2.314
475	75.36	754 	2.319
476	75.18	752 	2.324
477	75.00	750 	2.329
478	74.82	748 	2.334
479	74.63	746 	2.339
480	74.45	745 	2.344
481	74.27	743 	2.349
482	74.09	741 	2.354
483	73.91	739 	2.358
484	73.72	737 	2.363
485	73.54	735 	2.368
486	73.36	734 	2.373
487	73.18	732 	2.378
488	73.00	730 	2.383
489	72.82	728 	2.388
490	72.64	726 	2.393
491	72.46	725 	2.397
492	72.28	723 	2.402
493	72.10	721 	2.407
494	71.91	719 	2.412
495	71.73	717 	2.417
496	71.55	716 	2.422
497	71.37	714 	2.427
498	71.19	712 	2.432
499	71.01	710 	2.437
500	70.83	708 	2.441
501	70.65	707 	2.446
502	70.48	705 	2.451
503	70.30	703 	2.456
504	70.12	701 	2.461
505	69.94	699 	2.466
506	69.76	698 	2.471
507	69.58	696 	2.476
508	69.40	694 	2.480
509	69.22	692 	2.485
510	69.04	690 	2.490
511	68.86	689 	2.495
512	68.68	687 	2.500
513	68.51	685 	2.505
514	68.33	683 	2.510
515	68.15	681 	2.515
516	67.97	680 	2.520
517	67.79	678 	2.524
518	67.61	676 	2.529
519	67.44	674 	2.534
520	67.26	673 	2.539
521	67.08	671 	2.544
522	66.90	669 	2.549
523	66.72	667 	2.554
524	66.55	665 	2.559
525	66.37	664 	2.563
526	66.19	662 	2.568
527	66.01	660 	2.573
528	65.84	658 	2.578
529	65.66	657 	2.583
530	65.48	655 	2.588
531	65.30	653 	2.593
532	65.13	651 	2.598
533	64.95	649 	2.603
534	64.77	648 	2.607
535	64.60	646 	2.612
536	64.42	644 	2.617
537	64.24	642 	2.622
538	64.06	641 	2.627
539	63.89	639 	2.632
540	63.71	637 	2.637
541	63.53	635 	2.642
542	63.36	634 	2.646
543	63.18	632 	2.651
544	63.00	630 	2.656
545	62.83	628 	2.661
546	62.65	627 	2.666
547	62.47	625 	2.671
548	62.30	623 	2.676
549	62.12	621 	2.681
550	61.94	619 	2.686
551	61.77	618 	2.690
552	61.59	616 	2.695
553	61.42	614 	2.700
554	61.24	612 	2.705
555	61.06	611 	2.710
556	60.89	609 	2.715
557	60.71	607 	2.720
558	60.53	605 	2.725
559	60.36	604 	2.729
560	60.18	602 	2.734
561	60.01	600 	2.739
562	59.83	598 	2.744
563	59.65	597 	2.749
564	59.48	595 	2.754
565	59.30	593 	2.759
566	59.12	591 	2.764
567	58.95	589 	2.769
568	58.77	588 	2.773
569	58.60	586 	2.778
570	58.42	584 	2.783
571	58.24	582 	2.788
572	58.07	581 	2.793
573	57.89	579 	2.798
574	57.72	577 	2.803
575	57.54	575 	2.808
576	57.36	574 	2.813
577	57.19	572 	2.817
578	57.01	570 	2.822
579	56.83	568 	2.827
580	56.66	567 	2.832
581	56.48	565 	2.837
582	56.31	563 	2.842
583	56.13	561 	2.847
584	55.95	560 	2.852
585	55.78	558 	2.856
586	55.60	556 	2.861
587	55.42	554 	2.866
588	55.25	552 	2.871
589	55.07	551 	2.876
590	54.90	549 	2.881
591	54.72	547 	2.886
592	54.54	545 	2.891
593	54.37	544 	2.896
594	54.19	542 	2.900
595	54.01	540 	2.905
596	53.84	538 	2.910
597	53.66	537 	2.915
598	53.48	535 	2.920
599	53.31	533 	2.925
600	53.13	531 	2.930
601	52.95	530 	2.935
602	52.78	528 	2.939
603	52.60	526 	2.944
604	52.42	524 	2.949
605	52.25	522 	2.954
606	52.07	521 	2.959
607	51.89	519 	2.964
608	51.72	517 	2.969
609	51.54	515 	2.974
610	51.36	514 	2.979
611	51.18	512 	2.983
612	51.01	510 	2.988
613	50.83	508 	2.993
614	50.65	507 	2.998
615	50.47	505 	3.003
616	50.30	503 	3.008
617	50.12	501 	3.013
618	49.94	499 	3.018
619	49.76	498 	3.022
620	49.59	496 	3.027
621	49.41	494 	3.032
622	49.23	492 	3.037
623	49.05	491 	3.042
624	48.88	489 	3.047
625	48.70	487 	3.052
626	48.52	485 	3.057
627	48.34	483 	3.062
628	48.16	482 	3.066
629	47.98	480 	3.071
630	47.81	478 	3.076
631	47.63	476 	3.081
632	47.45	474 	3.086
633	47.27	473 	3.091
634	47.09	471 	3.096
635	46.91	469 	3.101
636	46.73	467 	3.105
637	46.55	466 	3.110
638	46.37	464 	3.115
639	46.19	462 	3.120
640	46.02	460 	3.125
641	45.84	458 	3.130
642	45.66	457 	3.135
643	45.48	455 	3.140
644	45.30	453 	3.145
645	45.12	451 	3.149
646	44.94	449 	3.154
647	44.76	448 	3.159
648	44.58	446 	3.164
649	44.40	444 	3.169
650	44.22	442 	3.174
651	44.03	440 	3.179
652	43.85	439 	3.184
653	43.67	437 	3.188
654	43.49	435 	3.193
655	43.31	433 	3.198
656	43.13	431 	3.203
657	42.95	429 	3.208
658	42.77	428 	3.213
659	42.58	426 	3.218
660	42.40	424 	3.223
661	42.22	422 	3.228
662	42.04	420 	3.232
663	41.86	419 	3.237
664	41.67	417 	3.242
665	41.49	415 	3.247
666	41.31	413 	3.252
667	41.13	411 	3.257
668	40.94	409 	3.262
669	40.76	408 	3.267
670	40.58	406 	3.271
671	40.39	404 	3.276
672	40.21	402 	3.281
673	40.03	400 	3.286
674	39.84	398 	3.291
675	39.66	397 	3.296
676	39.47	395 	3.301
677	39.29	393 	3.306
678	39.11	391 	3.311
679	38.92	389 	3.315
680	38.74	387 	3.320
681	38.55	386 	3.325
682	38.37	384 	3.330
683	38.18	382 	3.335
684	38.00	380 	3.340
685	37.81	378 	3.345
686	37.62	376 	3.350
687	37.44	374 	3.354
688	37.25	373 	3.359
689	37.06	371 	3.364
690	36.88	369 	3.369
691	36.69	367 	3.374
692	36.50	365 	3.379
693	36.32	363 	3.384
694	36.13	361 	3.389
695	35.94	359 	3.394
696	35.75	358 	3.398
697	35.57	356 	3.403
698	35.38	354 	3.408
699	35.19	352 	3.413
700	35.00	350 	3.418
701	34.81	348 	3.423
702	34.62	346 	3.428
703	34.43	344 	3.433
704	34.24	342 	3.438
705	34.05	341 	3.442
706	33.86	339 	3.447
707	33.67	337 	3.452
708	33.48	335 	3.457
709	33.29	333 	3.462
710	33.10	331 	3.467
711	32.91	329 	3.472
712	32.72	327 	3.477
713	32.52	325 	3.481
714	32.33	323 	3.486
715	32.14	321 	3.491
716	31.95	319 	3.496
717	31.76	318 	3.501
718	31.56	316 	3.506
719	31.37	314 	3.511
720	31.18	312 	3.516
721	30.98	310 	3.521
722	30.79	308 	3.525
723	30.59	306 	3.530
724	30.40	304 	3.535
725	30.20	302 	3.540
726	30.01	300 	3.545
727	29.81	298 	3.550
728	29.62	296 	3.555
729	29.42	294 	3.560
730	29.22	292 	3.564
731	29.03	290 	3.569
732	28.83	288 	3.574
733	28.63	286 	3.579
734	28.44	284 	3.584
735	28.24	282 	3.589
736	28.04	280 	3.594
737	27.84	278 	3.599
738	27.64	276 	3.604
739	27.44	274 	3.608
740	27.24	272 	3.613
741	27.04	270 	3.618
742	26.84	268 	3.623
743	26.64	266 	3.628
744	26.44	264 	3.633
745	26.24	262 	3.638
746	26.04	260 	3.643
747	25.84	258 	3.647
748	25.64	256 	3.652
749	25.43	254 	3.657
750	25.23	252 	3.662
751	25.03	250 	3.667
752	24.82	248 	3.672
753	24.62	246 	3.677
754	24.41	244 	3.682
755	24.21	242 	3.687
756	24.01	240 	3.691
757	23.80	238 	3.696
758	23.59	236 	3.701
759	23.39	234 	3.706
760	23.18	232 	3.711
761	22.97	230 	3.716
762	22.77	228 	3.721
763	22.56	226 	3.726
764	22.35	224 	3.730
765	22.14	221 	3.735
766	21.93	219 	3.740
767	21.72	217 	3.745
768	21.51	215 	3.750
769	21.30	213 	3.755
770	21.09	211 	3.760
771	20.88	209 	3.765
772	20.67	207 	3.770
773	20.46	205 	3.774
774	20.24	202 	3.779
775	20.03	200 	3.784
776	19.82	198 	3.789
777	19.60	196 	3.794
778	19.39	194 	3.799
779	19.17	192 	3.804
780	18.96	190 	3.809
781	18.74	187 	3.813
782	18.53	185 	3.818
783	18.31	183 	3.823
784	18.09	181 	3.828
785	17.87	179 	3.833
786	17.66	177 	3.838
787	17.44	174 	3.843
788	17.22	172 	3.848
789	17.00	170 	3.853
790	16.78	168 	3.857
791	16.56	166 	3.862
792	16.34	163 	3.867
793	16.11	161 	3.872
794	15.89	159 	3.877
795	15.67	157 	3.882
796	15.44	154 	3.887
797	15.22	152 	3.892
798	14.99	150 	3.896
799	14.77	148 	3.901
800	14.54	145 	3.906
801	14.32	143 	3.911
802	14.09	141 	3.916
803	13.86	139 	3.921
804	13.63	136 	3.926
805	13.40	134 	3.931
806	13.17	132 	3.936
807	12.94	129 	3.940
808	12.71	127 	3.945
809	12.48	125 	3.950
810	12.25	122 	3.955
811	12.02	120 	3.960
812	11.78	118 	3.965
813	11.55	115 	3.970
814	11.31	113 	3.975
815	11.08	111 	3.979
816	10.84	108 	3.984
817	10.61	106 	3.989
818	10.37	104 	3.994
819	10.13	101 	3.999
820	9.89	99 	4.004
821	9.65	97 	4.009
822	9.41	94 	4.014
823	9.17	92 	4.019
824	8.93	89 	4.023
825	8.68	87 	4.028
826	8.44	84 	4.033
827	8.20	82 	4.038
828	7.95	80 	4.043
829	7.71	77 	4.048
830	7.46	75 	4.053
831	7.21	72 	4.058
832	6.96	70 	4.063
833	6.71	67 	4.067
834	6.46	65 	4.072
835	6.21	62 	4.077
836	5.96	60 	4.082
837	5.71	57 	4.087
838	5.46	55 	4.092
839	5.20	52 	4.097
840	4.95	49 	4.102
841	4.69	47 	4.106
842	4.43	44 	4.111
843	4.17	42 	4.116
844	3.92	39 	4.121
845	3.66	37 	4.126
846	3.39	34 	4.131
847	3.13	31 	4.136
848	2.87	29 	4.141
849	2.61	26 	4.146
850	2.34	23 	4.150
851	2.08	21 	4.155
852	1.81	18 	4.160
853	1.54	15 	4.165
854	1.27	13 	4.170
855	1.00	10 	4.175
856	0.73	7 	4.180
857	0.46	5 	4.185
858	0.18	2 	4.189
859	-0.09	-1 	4.194
860	-0.37	-4 	4.199
861	-0.64	-6 	4.204
862	-0.92	-9 	4.209
863	-1.20	-12 	4.214
864	-1.48	-15 	4.219
865	-1.76	-18 	4.224
866	-2.04	-20 	4.229
867	-2.33	-23 	4.233
868	-2.61	-26 	4.238
869	-2.90	-29 	4.243
870	-3.19	-32 	4.248
871	-3.48	-35 	4.253
872	-3.77	-38 	4.258
873	-4.06	-41 	4.263
874	-4.35	-44 	4.268
875	-4.65	-46 	4.272
876	-4.94	-49 	4.277
877	-5.24	-52 	4.282
878	-5.54	-55 	4.287
879	-5.84	-58 	4.292
880	-6.14	-61 	4.297
881	-6.45	-64 	4.302
882	-6.75	-68 	4.307
883	-7.06	-71 	4.312
884	-7.37	-74 	4.316
885	-7.68	-77 	4.321
886	-7.99	-80 	4.326
887	-8.30	-83 	4.331
888	-8.62	-86 	4.336
889	-8.93	-89 	4.341
890	-9.25	-93 	4.346
891	-9.57	-96 	4.351
892	-9.89	-99 	4.355
893	-10.22	-102 	4.360
894	-10.54	-105 	4.365
895	-10.87	-109 	4.370
896	-11.20	-112 	4.375
897	-11.53	-115 	4.380
898	-11.86	-119 	4.385
899	-12.20	-122 	4.390
900	-12.53	-125 	4.395
901	-12.87	-129 	4.399
902	-13.21	-132 	4.404
903	-13.56	-136 	4.409
904	-13.90	-139 	4.414
905	-14.25	-142 	4.419
906	-14.60	-146 	4.424
907	-14.95	-149 	4.429
908	-15.30	-153 	4.434
909	-15.66	-157 	4.438
910	-16.02	-160 	4.443
911	-16.38	-164 	4.448
912	-16.74	-167 	4.453
913	-17.11	-171 	4.458
914	-17.48	-175 	4.463
915	-17.85	-179 	4.468
916	-18.23	-182 	4.473
917	-18.60	-186 	4.478
918	-18.98	-190 	4.482
919	-19.36	-194 	4.487
920	-19.75	-197 	4.492
921	-20.14	-201 	4.497
922	-20.53	-205 	4.502
923	-20.92	-209 	4.507
924	-21.32	-213 	4.512
925	-21.72	-217 	4.517
926	-22.12	-221 	4.521
927	-22.53	-225 	4.526
928	-22.94	-229 	4.531
929	-23.35	-234 	4.536
930	-23.77	-238 	4.541
931	-24.19	-242 	4.546
932	-24.62	-246 	4.551
933	-25.04	-250 	4.556
934	-25.48	-255 	4.561
935	-25.91	-259 	4.565
936	-26.35	-264 	4.570
937	-26.79	-268 	4.575
938	-27.24	-272 	4.580
939	-27.69	-277 	4.585
940	-28.15	-281 	4.590
941	-28.61	-286 	4.595
942	-29.07	-291 	4.600
943	-29.54	-295 	4.604
944	-30.02	-300 	4.609
945	-30.50	-305 	4.614
946	-30.98	-310 	4.619
947	-31.47	-315 	4.624
948	-31.97	-320 	4.629
949	-32.47	-325 	4.634
950	-32.97	-330 	4.639
951	-33.48	-335 	4.644
952	-34.00	-340 	4.648
953	-34.52	-345 	4.653
954	-35.05	-351 	4.658
955	-35.59	-356 	4.663
956	-36.13	-361 	4.668
957	-36.68	-367 	4.673
958	-37.23	-372 	4.678
959	-37.80	-378 	4.683
960	-38.37	-384 	4.688
961	-38.94	-389 	4.692
962	-39.53	-395 	4.697
963	70.00	700 	4.702
964	70.00	700 	4.707
965	70.00	700 	4.712
966	70.00	700 	4.717
967	70.00	700 	4.722
968	70.00	700 	4.727
969	70.00	700 	4.731
970	70.00	700 	4.736
971	70.00	700 	4.741
972	70.00	700 	4.746
973	70.00	700 	4.751
974	70.00	700 	4.756
975	70.00	700 	4.761
976	70.00	700 	4.766
977	70.00	700 	4.771
978	70.00	700 	4.775
979	70.00	700 	4.780
980	70.00	700 	4.785
981	70.00	700 	4.790
982	70.00	700 	4.795
983	70.00	700 	4.800
984	70.00	700 	4.805
985	70.00	700 	4.810
986	70.00	700 	4.814
987	70.00	700 	4.819
988	70.00	700 	4.824
989	70.00	700 	4.829
990	70.00	700 	4.834
991	70.00	700 	4.839
992	70.00	700 	4.844
993	70.00	700 	4.849
994	70.00	700 	4.854
995	70.00	700 	4.858
996	70.00	700 	4.863
997	70.00	700 	4.868
998	70.00	700 	4.873
999	70.00	700 	4.878
1000	70.00	700 	4.883
1001	70.00	700 	4.888
1002	70.00	700 	4.893
1003	70.00	700 	4.897
1004	70.00	700 	4.902
1005	70.00	700 	4.907
1006	70.00	700 	4.912
1007	70.00	700 	4.917
1008	70.00	700 	4.922
1009	70.00	700 	4.927
1010	70.00	700 	4.932
1011	70.00	700 	4.937
1012	70.00	700 	4.941
1013	70.00	700 	4.946
1014	70.00	700 	4.951
1015	70.00	700 	4.956
1016	70.00	700 	4.961
1017	70.00	700 	4.966
1018	70.00	700 	4.971
1019	70.00	700 	4.976
1020	70.00	700 	4.980
1021	70.00	700 	4.985
1022	70.00	700 	4.990
1023	70.00	700 	4.995
